<?xml version="1.0" encoding="UTF-8"?>
<testng-results skipped="0" failed="0" ignored="4" total="10" passed="6">
  <reporter-output>
  </reporter-output>
  <suite name="Suite" duration-ms="29631" started-at="2022-06-11T02:53:42 IST" finished-at="2022-06-11T02:54:11 IST">
    <groups>
      <group name="Sanity">
        <method signature="LoginPageTest.verifyTitle()[pri:0, instance:tests.LoginPageTest@1a968a59]" name="verifyTitle" class="tests.LoginPageTest"/>
        <method signature="LoginPageTest.verifyValidLogin()[pri:0, instance:tests.LoginPageTest@1a968a59]" name="verifyValidLogin" class="tests.LoginPageTest"/>
        <method signature="WelcomePageTest.verifyLoginButtonPresent()[pri:0, instance:tests.WelcomePageTest@548e7350]" name="verifyLoginButtonPresent" class="tests.WelcomePageTest"/>
        <method signature="LoginPageTest.verifyTitle()[pri:0, instance:tests.LoginPageTest@3f49dace]" name="verifyTitle" class="tests.LoginPageTest"/>
        <method signature="LoginPageTest.verifyValidLogin()[pri:0, instance:tests.LoginPageTest@3f49dace]" name="verifyValidLogin" class="tests.LoginPageTest"/>
        <method signature="WelcomePageTest.verifyLoginButtonPresent()[pri:0, instance:tests.WelcomePageTest@31a5c39e]" name="verifyLoginButtonPresent" class="tests.WelcomePageTest"/>
      </group> <!-- Sanity -->
    </groups>
    <test name="Test" duration-ms="17674" started-at="2022-06-11T02:53:42 IST" finished-at="2022-06-11T02:53:59 IST">
      <class name="tests.WelcomePageTest">
        <test-method status="PASS" signature="beforeMethod(java.lang.String)[pri:0, instance:tests.WelcomePageTest@548e7350]" name="beforeMethod" is-config="true" duration-ms="5218" started-at="2022-06-11T02:53:42 IST" finished-at="2022-06-11T02:53:47 IST">
          <params>
            <param index="0">
              <value>
                <![CDATA[Chrome]]>
              </value>
            </param>
          </params>
          <reporter-output>
          </reporter-output>
        </test-method> <!-- beforeMethod -->
        <test-method status="PASS" signature="verifyLoginButtonPresent()[pri:0, instance:tests.WelcomePageTest@548e7350]" name="verifyLoginButtonPresent" duration-ms="424" started-at="2022-06-11T02:53:47 IST" finished-at="2022-06-11T02:53:47 IST">
          <reporter-output>
          </reporter-output>
        </test-method> <!-- verifyLoginButtonPresent -->
        <test-method status="PASS" signature="tearDown()[pri:0, instance:tests.WelcomePageTest@548e7350]" name="tearDown" is-config="true" duration-ms="1056" started-at="2022-06-11T02:53:47 IST" finished-at="2022-06-11T02:53:48 IST">
          <reporter-output>
          </reporter-output>
        </test-method> <!-- tearDown -->
      </class> <!-- tests.WelcomePageTest -->
      <class name="tests.LoginPageTest">
        <test-method status="PASS" signature="beforeMethod(java.lang.String)[pri:0, instance:tests.LoginPageTest@1a968a59]" name="beforeMethod" is-config="true" duration-ms="3979" started-at="2022-06-11T02:53:48 IST" finished-at="2022-06-11T02:53:52 IST">
          <params>
            <param index="0">
              <value>
                <![CDATA[Chrome]]>
              </value>
            </param>
          </params>
          <reporter-output>
          </reporter-output>
        </test-method> <!-- beforeMethod -->
        <test-method status="PASS" signature="verifyTitle()[pri:0, instance:tests.LoginPageTest@1a968a59]" name="verifyTitle" duration-ms="603" started-at="2022-06-11T02:53:52 IST" finished-at="2022-06-11T02:53:53 IST">
          <reporter-output>
          </reporter-output>
        </test-method> <!-- verifyTitle -->
        <test-method status="PASS" signature="tearDown()[pri:0, instance:tests.LoginPageTest@1a968a59]" name="tearDown" is-config="true" duration-ms="1224" started-at="2022-06-11T02:53:53 IST" finished-at="2022-06-11T02:53:54 IST">
          <reporter-output>
          </reporter-output>
        </test-method> <!-- tearDown -->
        <test-method status="PASS" signature="beforeMethod(java.lang.String)[pri:0, instance:tests.LoginPageTest@1a968a59]" name="beforeMethod" is-config="true" duration-ms="2653" started-at="2022-06-11T02:53:54 IST" finished-at="2022-06-11T02:53:57 IST">
          <params>
            <param index="0">
              <value>
                <![CDATA[Chrome]]>
              </value>
            </param>
          </params>
          <reporter-output>
          </reporter-output>
        </test-method> <!-- beforeMethod -->
        <test-method status="PASS" signature="verifyValidLogin()[pri:0, instance:tests.LoginPageTest@1a968a59]" name="verifyValidLogin" duration-ms="1453" started-at="2022-06-11T02:53:57 IST" finished-at="2022-06-11T02:53:58 IST">
          <reporter-output>
          </reporter-output>
        </test-method> <!-- verifyValidLogin -->
        <test-method status="PASS" signature="tearDown()[pri:0, instance:tests.LoginPageTest@1a968a59]" name="tearDown" is-config="true" duration-ms="977" started-at="2022-06-11T02:53:58 IST" finished-at="2022-06-11T02:53:59 IST">
          <reporter-output>
          </reporter-output>
        </test-method> <!-- tearDown -->
      </class> <!-- tests.LoginPageTest -->
    </test> <!-- Test -->
    <test name="Test1" duration-ms="29631" started-at="2022-06-11T02:53:42 IST" finished-at="2022-06-11T02:54:11 IST">
      <class name="tests.WelcomePageTest">
        <test-method status="PASS" signature="beforeMethod(java.lang.String)[pri:0, instance:tests.WelcomePageTest@31a5c39e]" name="beforeMethod" is-config="true" duration-ms="12767" started-at="2022-06-11T02:53:42 IST" finished-at="2022-06-11T02:53:54 IST">
          <params>
            <param index="0">
              <value>
                <![CDATA[FF]]>
              </value>
            </param>
          </params>
          <reporter-output>
          </reporter-output>
        </test-method> <!-- beforeMethod -->
        <test-method status="PASS" signature="verifyLoginButtonPresent()[pri:0, instance:tests.WelcomePageTest@31a5c39e]" name="verifyLoginButtonPresent" duration-ms="154" started-at="2022-06-11T02:53:54 IST" finished-at="2022-06-11T02:53:55 IST">
          <reporter-output>
          </reporter-output>
        </test-method> <!-- verifyLoginButtonPresent -->
        <test-method status="PASS" signature="tearDown()[pri:0, instance:tests.WelcomePageTest@31a5c39e]" name="tearDown" is-config="true" duration-ms="2176" started-at="2022-06-11T02:53:55 IST" finished-at="2022-06-11T02:53:57 IST">
          <reporter-output>
          </reporter-output>
        </test-method> <!-- tearDown -->
      </class> <!-- tests.WelcomePageTest -->
      <class name="tests.LoginPageTest">
        <test-method status="PASS" signature="beforeMethod(java.lang.String)[pri:0, instance:tests.LoginPageTest@3f49dace]" name="beforeMethod" is-config="true" duration-ms="5717" started-at="2022-06-11T02:53:57 IST" finished-at="2022-06-11T02:54:02 IST">
          <params>
            <param index="0">
              <value>
                <![CDATA[FF]]>
              </value>
            </param>
          </params>
          <reporter-output>
          </reporter-output>
        </test-method> <!-- beforeMethod -->
        <test-method status="PASS" signature="verifyTitle()[pri:0, instance:tests.LoginPageTest@3f49dace]" name="verifyTitle" duration-ms="326" started-at="2022-06-11T02:54:02 IST" finished-at="2022-06-11T02:54:03 IST">
          <reporter-output>
          </reporter-output>
        </test-method> <!-- verifyTitle -->
        <test-method status="PASS" signature="tearDown()[pri:0, instance:tests.LoginPageTest@3f49dace]" name="tearDown" is-config="true" duration-ms="1263" started-at="2022-06-11T02:54:03 IST" finished-at="2022-06-11T02:54:04 IST">
          <reporter-output>
          </reporter-output>
        </test-method> <!-- tearDown -->
        <test-method status="PASS" signature="beforeMethod(java.lang.String)[pri:0, instance:tests.LoginPageTest@3f49dace]" name="beforeMethod" is-config="true" duration-ms="4799" started-at="2022-06-11T02:54:04 IST" finished-at="2022-06-11T02:54:09 IST">
          <params>
            <param index="0">
              <value>
                <![CDATA[FF]]>
              </value>
            </param>
          </params>
          <reporter-output>
          </reporter-output>
        </test-method> <!-- beforeMethod -->
        <test-method status="PASS" signature="verifyValidLogin()[pri:0, instance:tests.LoginPageTest@3f49dace]" name="verifyValidLogin" duration-ms="1045" started-at="2022-06-11T02:54:09 IST" finished-at="2022-06-11T02:54:10 IST">
          <reporter-output>
          </reporter-output>
        </test-method> <!-- verifyValidLogin -->
        <test-method status="PASS" signature="tearDown()[pri:0, instance:tests.LoginPageTest@3f49dace]" name="tearDown" is-config="true" duration-ms="1306" started-at="2022-06-11T02:54:10 IST" finished-at="2022-06-11T02:54:11 IST">
          <reporter-output>
          </reporter-output>
        </test-method> <!-- tearDown -->
      </class> <!-- tests.LoginPageTest -->
    </test> <!-- Test1 -->
  </suite> <!-- Suite -->
</testng-results>
