<?xml version="1.0" encoding="UTF-8"?>
<!-- Generated by org.testng.reporters.JUnitXMLReporter -->
<testsuite hostname="DESKTOP-UGKGNS5" ignored="2" name="Test1" tests="2" failures="0" timestamp="2022-06-11T02:54:11 IST" time="29.631" errors="0">
  <testcase name="verifyTitle" time="0.326" classname="tests.LoginPageTest"/>
  <testcase name="verifyValidLogin" time="1.045" classname="tests.LoginPageTest"/>
  <testcase name="verifyWelcomeMesage" time="0.0" classname="tests.WelcomePageTest">
    <ignored/>
  </testcase> <!-- verifyWelcomeMesage -->
  <testcase name="verifyIncorrectLogin" time="0.0" classname="tests.LoginPageTest">
    <ignored/>
  </testcase> <!-- verifyIncorrectLogin -->
</testsuite> <!-- Test1 -->
