<?xml version="1.0" encoding="UTF-8"?>
<!-- Generated by org.testng.reporters.JUnitXMLReporter -->
<testsuite hostname="DESKTOP-UGKGNS5" ignored="2" name="Test" tests="4" failures="0" timestamp="2022-06-11T02:53:59 IST" time="17.674" errors="0">
  <testcase name="verifyLoginButtonPresent" time="0.424" classname="tests.WelcomePageTest"/>
  <testcase name="verifyTitle" time="0.603" classname="tests.LoginPageTest"/>
  <testcase name="verifyLoginButtonPresent" time="0.154" classname="tests.WelcomePageTest"/>
  <testcase name="verifyValidLogin" time="1.453" classname="tests.LoginPageTest"/>
  <testcase name="verifyWelcomeMesage" time="0.0" classname="tests.WelcomePageTest">
    <ignored/>
  </testcase> <!-- verifyWelcomeMesage -->
  <testcase name="verifyIncorrectLogin" time="0.0" classname="tests.LoginPageTest">
    <ignored/>
  </testcase> <!-- verifyIncorrectLogin -->
</testsuite> <!-- Test -->
