<?xml version="1.0" encoding="UTF-8"?>
<!-- Generated by org.testng.reporters.JUnitXMLReporter -->
<testsuite hostname="DESKTOP-UGKGNS5" ignored="0" name="Test" tests="5" failures="2" timestamp="2022-06-12T19:43:24 IST" time="27.68" errors="0">
  <testcase name="verifyLoginButtonPresent" time="0.172" classname="tests.WelcomePageTest"/>
  <testcase name="verifyWelcomeMesage" time="0.067" classname="tests.WelcomePageTest">
    <failure type="java.lang.AssertionError" message="expected [Welcome to TDIT Solutions...] but found [Welcome to TDIT Solutions]">
      <![CDATA[java.lang.AssertionError: expected [Welcome to TDIT Solutions...] but found [Welcome to TDIT Solutions]
at tests.WelcomePageTest.verifyWelcomeMesage(WelcomePageTest.java:15)
at java.util.ArrayList.forEach(ArrayList.java:1259)
... Removed 32 stack frames]]>
    </failure>
  </testcase> <!-- verifyWelcomeMesage -->
  <testcase name="verifyIncorrectLogin" time="2.062" classname="tests.LoginPageTest"/>
  <testcase name="verifyTitle" time="0.515" classname="tests.LoginPageTest">
    <failure type="java.lang.AssertionError" message="expected [Login Page...] but found [Login Page]">
      <![CDATA[java.lang.AssertionError: expected [Login Page...] but found [Login Page]
at tests.LoginPageTest.verifyTitle(LoginPageTest.java:20)
at java.util.ArrayList.forEach(ArrayList.java:1259)
... Removed 32 stack frames]]>
    </failure>
  </testcase> <!-- verifyTitle -->
  <testcase name="verifyValidLogin" time="2.886" classname="tests.LoginPageTest"/>
</testsuite> <!-- Test -->
