<?xml version="1.0" encoding="UTF-8"?>
<!-- Generated by org.testng.reporters.JUnitXMLReporter -->
<testsuite hostname="DESKTOP-UGKGNS5" ignored="0" name="Test1" tests="3" failures="0" timestamp="2022-06-11T03:15:01 IST" time="59.403" errors="0">
  <testcase name="verifyIncorrectLogin" time="0.856" classname="tests.LoginPageTest"/>
  <testcase name="verifyTitle" time="0.36" classname="tests.LoginPageTest"/>
  <testcase name="verifyValidLogin" time="1.306" classname="tests.LoginPageTest"/>
</testsuite> <!-- Test1 -->
